[2017-05-12 17:19:29.662][debug][command:1f8d7f8d-c737-48c9-97e1-df5a330b1b32][tid:334][com.facebook.buck.event.listener.SuperConsoleEventBusListener] Starting render scheduler (interval 100 ms)
[2017-05-12 17:19:29.663][debug][command:1f8d7f8d-c737-48c9-97e1-df5a330b1b32][tid:334][com.google.common.util.concurrent.ServiceManager] Starting PerfStatsTracking [STARTING].
[2017-05-12 17:19:29.664][debug][command:1f8d7f8d-c737-48c9-97e1-df5a330b1b32][tid:334][com.google.common.util.concurrent.ServiceManager] Starting ProcessTracker [STARTING].
[2017-05-12 17:19:29.664][debug][command:1f8d7f8d-c737-48c9-97e1-df5a330b1b32][tid:334][com.facebook.buck.cli.Main] InvocationInfo BuildId=[1f8d7f8d-c737-48c9-97e1-df5a330b1b32] Args=[build, monimenta_backend]
[2017-05-12 17:19:29.664][debug][command:null][tid:346][com.facebook.buck.util.perf.ProcessTracker] startUp
[2017-05-12 17:19:29.664][debug][command:null][tid:346][com.facebook.buck.util.perf.ProcessTracker] startUp
[2017-05-12 17:19:29.664][debug][command:1f8d7f8d-c737-48c9-97e1-df5a330b1b32][tid:334][com.facebook.buck.util.environment.MacWifiSsidFinder] Getting current SSID..
[2017-05-12 17:19:29.664][debug][command:null][tid:345][com.google.common.util.concurrent.ServiceManager] Started PerfStatsTracking [RUNNING] in 1.691 ms.
[2017-05-12 17:19:29.664][debug][command:null][tid:345][com.google.common.util.concurrent.ServiceManager] Started PerfStatsTracking [RUNNING] in 1.691 ms.
[2017-05-12 17:19:29.665][debug][command:1f8d7f8d-c737-48c9-97e1-df5a330b1b32][tid:334][com.facebook.buck.util.environment.MacWifiSsidFinder] Getting SSID from Wi-Fi interface: <CWInterface: 0x7fb3f99264f0> [interfaceName=en0]
[2017-05-12 17:19:29.667][debug][command:1f8d7f8d-c737-48c9-97e1-df5a330b1b32][tid:334][com.facebook.buck.util.environment.MacWifiSsidFinder] Found SSID: UCSB Wireless Web
[2017-05-12 17:19:29.669][debug][command:null][tid:346][com.google.common.util.concurrent.ServiceManager] Started ProcessTracker [RUNNING] in 6.158 ms.
[2017-05-12 17:19:29.669][debug][command:null][tid:346][com.google.common.util.concurrent.ServiceManager] Started ProcessTracker [RUNNING] in 6.158 ms.
[2017-05-12 17:19:29.673][warn ][command:null][tid:349][com.facebook.buck.event.listener.PublicAnnouncementManager] Failed to get public announcements. Reason: Failed to establish connection to server.
[2017-05-12 17:19:29.673][warn ][command:null][tid:349][com.facebook.buck.event.listener.PublicAnnouncementManager] Failed to get public announcements. Reason: Failed to establish connection to server.
[2017-05-12 17:19:29.676][info ][command:null][tid:350][com.facebook.buck.util.versioncontrol.VersionControlStatsGenerator] Starting generation of version control stats.
[2017-05-12 17:19:29.676][info ][command:null][tid:350][com.facebook.buck.util.versioncontrol.VersionControlStatsGenerator] Starting generation of version control stats.
[2017-05-12 17:19:29.677][debug][command:null][tid:350][com.facebook.buck.util.versioncontrol.VersionControlCmdLineInterface] Executing command: hg log -l 1 --template {node|short}
[2017-05-12 17:19:29.677][debug][command:null][tid:350][com.facebook.buck.util.versioncontrol.VersionControlCmdLineInterface] Executing command: hg log -l 1 --template {node|short}
[2017-05-12 17:19:29.680][debug][command:1f8d7f8d-c737-48c9-97e1-df5a330b1b32][tid:334][com.facebook.buck.parser.Parser] com.facebook.buck.event.DefaultBuckEventBus@682f89c6
[2017-05-12 17:19:29.681][debug][command:null][tid:341][com.facebook.buck.io.WatchmanTransportClient] Sending query: [query, /Users/xuanwang/Workspace/goprojects/src/github.com/keyrrae/monimenta_backend, {since=c:1494560681:563:6:412, expression=[not, [anyof, [type, d], [dirname, .idea], [dirname, .buckd], [dirname, buck-out/cache], [dirname, buck-out/.trash], [dirname, buck-out], [match, **/*.pbxproj, wholename, {includedotfiles=true}], [match, **/*.xcscheme, wholename, {includedotfiles=true}], [match, **/*.xcworkspacedata, wholename, {includedotfiles=true}], [match, **/*~, wholename, {includedotfiles=true}], [match, **/#*#, wholename, {includedotfiles=true}], [match, **/.#*, wholename, {includedotfiles=true}], [match, **/*.swo, wholename, {includedotfiles=true}], [match, **/*.swp, wholename, {includedotfiles=true}], [match, **/*.swpx, wholename, {includedotfiles=true}], [match, **/*.un~, wholename, {includedotfiles=true}], [match, **/.netrhwist, wholename, {includedotfiles=true}], [match, .idea, wholename, {includedotfiles=true}], [match, .iml, wholename, {includedotfiles=true}], [match, **/*.pydevproject, wholename, {includedotfiles=true}], [match, .project, wholename, {includedotfiles=true}], [match, .metadata, wholename, {includedotfiles=true}], [match, **/*.tmp, wholename, {includedotfiles=true}], [match, **/*.bak, wholename, {includedotfiles=true}], [match, **/*~.nib, wholename, {includedotfiles=true}], [match, .classpath, wholename, {includedotfiles=true}], [match, .settings, wholename, {includedotfiles=true}], [match, .loadpath, wholename, {includedotfiles=true}], [match, .externalToolBuilders, wholename, {includedotfiles=true}], [match, .cproject, wholename, {includedotfiles=true}], [match, .buildpath, wholename, {includedotfiles=true}], [match, .DS_Store, wholename, {includedotfiles=true}], [match, .AppleDouble, wholename, {includedotfiles=true}], [match, .LSOverride, wholename, {includedotfiles=true}], [match, .Spotlight-V100, wholename, {includedotfiles=true}], [match, .Trashes, wholename, {includedotfiles=true}], [match, $RECYCLE.BIN, wholename, {includedotfiles=true}], [match, .*.sublime-workspace, wholename, {includedotfiles=true}]]], empty_on_fresh_instance=true, fields=[name, exists, new]}]
[2017-05-12 17:19:29.681][debug][command:null][tid:341][com.facebook.buck.io.WatchmanTransportClient] Sending query: [query, /Users/xuanwang/Workspace/goprojects/src/github.com/keyrrae/monimenta_backend, {since=c:1494560681:563:6:412, expression=[not, [anyof, [type, d], [dirname, .idea], [dirname, .buckd], [dirname, buck-out/cache], [dirname, buck-out/.trash], [dirname, buck-out], [match, **/*.pbxproj, wholename, {includedotfiles=true}], [match, **/*.xcscheme, wholename, {includedotfiles=true}], [match, **/*.xcworkspacedata, wholename, {includedotfiles=true}], [match, **/*~, wholename, {includedotfiles=true}], [match, **/#*#, wholename, {includedotfiles=true}], [match, **/.#*, wholename, {includedotfiles=true}], [match, **/*.swo, wholename, {includedotfiles=true}], [match, **/*.swp, wholename, {includedotfiles=true}], [match, **/*.swpx, wholename, {includedotfiles=true}], [match, **/*.un~, wholename, {includedotfiles=true}], [match, **/.netrhwist, wholename, {includedotfiles=true}], [match, .idea, wholename, {includedotfiles=true}], [match, .iml, wholename, {includedotfiles=true}], [match, **/*.pydevproject, wholename, {includedotfiles=true}], [match, .project, wholename, {includedotfiles=true}], [match, .metadata, wholename, {includedotfiles=true}], [match, **/*.tmp, wholename, {includedotfiles=true}], [match, **/*.bak, wholename, {includedotfiles=true}], [match, **/*~.nib, wholename, {includedotfiles=true}], [match, .classpath, wholename, {includedotfiles=true}], [match, .settings, wholename, {includedotfiles=true}], [match, .loadpath, wholename, {includedotfiles=true}], [match, .externalToolBuilders, wholename, {includedotfiles=true}], [match, .cproject, wholename, {includedotfiles=true}], [match, .buildpath, wholename, {includedotfiles=true}], [match, .DS_Store, wholename, {includedotfiles=true}], [match, .AppleDouble, wholename, {includedotfiles=true}], [match, .LSOverride, wholename, {includedotfiles=true}], [match, .Spotlight-V100, wholename, {includedotfiles=true}], [match, .Trashes, wholename, {includedotfiles=true}], [match, $RECYCLE.BIN, wholename, {includedotfiles=true}], [match, .*.sublime-workspace, wholename, {includedotfiles=true}]]], empty_on_fresh_instance=true, fields=[name, exists, new]}]
[2017-05-12 17:19:29.697][debug][command:1f8d7f8d-c737-48c9-97e1-df5a330b1b32][tid:334][com.facebook.buck.io.WatchmanTransportClient] Query [query, /Users/xuanwang/Workspace/goprojects/src/github.com/keyrrae/monimenta_backend, {since=c:1494560681:563:6:412, expression=[not, [anyof, [type, d], [dirname, .idea], [dirname, .buckd], [dirname, buck-out/cache], [dirname, buck-out/.trash], [dirname, buck-out], [match, **/*.pbxproj, wholename, {includedotfiles=true}], [match, **/*.xcscheme, wholename, {includedotfiles=true}], [match, **/*.xcworkspacedata, wholename, {includedotfiles=true}], [match, **/*~, wholename, {includedotfiles=true}], [match, **/#*#, wholename, {includedotfiles=true}], [match, **/.#*, wholename, {includedotfiles=true}], [match, **/*.swo, wholename, {includedotfiles=true}], [match, **/*.swp, wholename, {includedotfiles=true}], [match, **/*.swpx, wholename, {includedotfiles=true}], [match, **/*.un~, wholename, {includedotfiles=true}], [match, **/.netrhwist, wholename, {includedotfiles=true}], [match, .idea, wholename, {includedotfiles=true}], [match, .iml, wholename, {includedotfiles=true}], [match, **/*.pydevproject, wholename, {includedotfiles=true}], [match, .project, wholename, {includedotfiles=true}], [match, .metadata, wholename, {includedotfiles=true}], [match, **/*.tmp, wholename, {includedotfiles=true}], [match, **/*.bak, wholename, {includedotfiles=true}], [match, **/*~.nib, wholename, {includedotfiles=true}], [match, .classpath, wholename, {includedotfiles=true}], [match, .settings, wholename, {includedotfiles=true}], [match, .loadpath, wholename, {includedotfiles=true}], [match, .externalToolBuilders, wholename, {includedotfiles=true}], [match, .cproject, wholename, {includedotfiles=true}], [match, .buildpath, wholename, {includedotfiles=true}], [match, .DS_Store, wholename, {includedotfiles=true}], [match, .AppleDouble, wholename, {includedotfiles=true}], [match, .LSOverride, wholename, {includedotfiles=true}], [match, .Spotlight-V100, wholename, {includedotfiles=true}], [match, .Trashes, wholename, {includedotfiles=true}], [match, $RECYCLE.BIN, wholename, {includedotfiles=true}], [match, .*.sublime-workspace, wholename, {includedotfiles=true}]]], empty_on_fresh_instance=true, fields=[name, exists, new]}] returned in 16 ms
[2017-05-12 17:19:29.697][debug][command:1f8d7f8d-c737-48c9-97e1-df5a330b1b32][tid:334][com.facebook.buck.util.WatchmanWatcher] Updating Watchman Cursor from c:1494560681:563:6:412 to c:1494560681:563:6:432
[2017-05-12 17:19:29.697][debug][command:1f8d7f8d-c737-48c9-97e1-df5a330b1b32][tid:334][com.facebook.buck.util.WatchmanWatcher] Posted 0 Watchman events.
[2017-05-12 17:19:29.700][warn ][command:1f8d7f8d-c737-48c9-97e1-df5a330b1b32][tid:334][com.facebook.buck.util.Console] Build failure: No build file at monimenta_backend/BUCK when resolving target //monimenta_backend:monimenta_backend.
[2017-05-12 17:19:29.700][info ][command:1f8d7f8d-c737-48c9-97e1-df5a330b1b32][tid:334][com.facebook.buck.cli.Main] Awaiting termination of HTTP Write executor service. Waiting for all jobs to complete, or up to maximum of 1800 seconds...
[2017-05-12 17:19:29.700][info ][command:1f8d7f8d-c737-48c9-97e1-df5a330b1b32][tid:334][com.facebook.buck.cli.Main] Awaiting termination of CounterAggregatorExecutor executor service. Waiting for all jobs to complete, or up to maximum of 20 seconds...
[2017-05-12 17:19:29.702][info ][command:1f8d7f8d-c737-48c9-97e1-df5a330b1b32][tid:351][com.facebook.buck.event.listener.LoggingBuildListener] Build started at 2017-05-12 17:19:29.699
[2017-05-12 17:19:29.703][info ][command:1f8d7f8d-c737-48c9-97e1-df5a330b1b32][tid:351][com.facebook.buck.event.listener.LoggingBuildListener] Build finished at 2017-05-12 17:19:29.700
[2017-05-12 17:19:29.704][debug][command:1f8d7f8d-c737-48c9-97e1-df5a330b1b32][tid:346][com.facebook.buck.util.perf.ProcessTracker] shutDown
[2017-05-12 17:19:29.705][debug][command:1f8d7f8d-c737-48c9-97e1-df5a330b1b32][tid:346][com.google.common.util.concurrent.ServiceManager] Service ProcessTracker [TERMINATED] has terminated. Previous state was: STOPPING
[2017-05-12 17:19:29.706][debug][command:null][tid:345][com.google.common.util.concurrent.ServiceManager] Service PerfStatsTracking [TERMINATED] has terminated. Previous state was: STOPPING
[2017-05-12 17:19:29.706][debug][command:null][tid:345][com.google.common.util.concurrent.ServiceManager] Service PerfStatsTracking [TERMINATED] has terminated. Previous state was: STOPPING
[2017-05-12 17:19:29.709][debug][command:1f8d7f8d-c737-48c9-97e1-df5a330b1b32][tid:334][com.facebook.buck.event.listener.SuperConsoleEventBusListener] Stopping render scheduler
[2017-05-12 17:19:29.709][debug][command:1f8d7f8d-c737-48c9-97e1-df5a330b1b32][tid:334][com.facebook.buck.event.listener.SuperConsoleEventBusListener] Stopping render scheduler
[2017-05-12 17:19:29.709][debug][command:1f8d7f8d-c737-48c9-97e1-df5a330b1b32][tid:334][com.facebook.buck.event.listener.SuperConsoleEventBusListener] Stopping console output (stdout dirty false, stderr dirty true).
[2017-05-12 17:19:29.735][warn ][command:null][tid:350][com.facebook.buck.util.versioncontrol.DelegatingVersionControlCmdLineInterface] Mercurial is the only VCS supported for VCS stats generation, however current project (which has enabled VCS stats generation in its .buckconfig) does not appear to be a Mercurial repository: 
com.facebook.buck.util.versioncontrol.VersionControlCommandFailedException: java.io.IOException: Cannot run program "hg" (in directory "/Users/xuanwang/Workspace/goprojects/src/github.com/keyrrae/monimenta_backend"): error=2, No such file or directory
[2017-05-12 17:19:29.735][debug][command:null][tid:350][com.facebook.buck.util.versioncontrol.DelegatingVersionControlCmdLineInterface] Using NoOpCmdLineInterface.
[2017-05-12 17:19:29.735][warn ][command:null][tid:350][com.facebook.buck.util.versioncontrol.VersionControlStatsGenerator] Skipping generation of version control stats as unsupported repository type.
[2017-05-12 17:19:29.735][info ][command:null][tid:334][com.facebook.buck.cli.Main] Awaiting termination of NETWORK executor service. Waiting for all jobs to complete, or up to maximum of 60 seconds...
[2017-05-12 17:19:29.735][info ][command:null][tid:334][com.facebook.buck.cli.Main] Awaiting termination of PROJECT executor service. Waiting for all jobs to complete, or up to maximum of 60 seconds...
[2017-05-12 17:19:29.736][info ][command:null][tid:334][com.facebook.buck.cli.Main] Awaiting termination of CPU executor service. Waiting for all jobs to complete, or up to maximum of 60 seconds...
[2017-05-12 17:19:29.736][warn ][command:null][tid:338][com.martiansoftware.nailgun.NGInputStream] Nailgun client read future was interrupted
java.lang.InterruptedException
	at java.util.concurrent.FutureTask.awaitDone(FutureTask.java:404)
	at java.util.concurrent.FutureTask.get(FutureTask.java:204)
	at com.martiansoftware.nailgun.NGInputStream$1.run(NGInputStream.java:91)
	at java.util.concurrent.Executors$RunnableAdapter.call(Executors.java:511)
	at java.util.concurrent.FutureTask.run(FutureTask.java:266)
	at java.util.concurrent.ThreadPoolExecutor.runWorker(ThreadPoolExecutor.java:1142)
	at java.util.concurrent.ThreadPoolExecutor$Worker.run(ThreadPoolExecutor.java:617)
	at java.lang.Thread.run(Thread.java:745)

[2017-05-12 17:19:29.736][debug][command:null][tid:338][com.martiansoftware.nailgun.NGInputStream] Nailgun client read shutting down
[2017-05-12 17:19:29.744][info ][command:null][tid:334][com.facebook.buck.cli.Main] Awaiting termination of Disk IO executor service. Waiting for all jobs to complete, or up to maximum of 10 seconds...
[2017-05-12 17:19:29.744][debug][command:null][tid:334][com.facebook.buck.event.listener.ChromeTraceBuildListener] Writing Chrome trace to buck-out/log/2017-05-13_00h19m29s_buildcommand_1f8d7f8d-c737-48c9-97e1-df5a330b1b32/build.2017-05-12.17-19-29.1f8d7f8d-c737-48c9-97e1-df5a330b1b32.trace
[2017-05-12 17:19:29.747][debug][command:null][tid:334][com.facebook.buck.io.WatchmanTransportClient] Closing Watchman transport.
[2017-05-12 17:19:29.748][debug][command:null][tid:334][com.facebook.buck.cli.Main] Done.
[2017-05-12 17:19:29.748][info ][command:null][tid:334][com.martiansoftware.nailgun.NGSession] Server cleanly exited with status 1
com.martiansoftware.nailgun.NGExitException: ExitException: status 1
	at com.martiansoftware.nailgun.NGSecurityManager.checkExit(NGSecurityManager.java:56)
	at java.lang.Runtime.exit(Runtime.java:107)
	at java.lang.System.exit(System.java:971)
	at com.facebook.buck.cli.Main.runMainThenExit(Main.java:774)
	at com.facebook.buck.cli.Main.nailMain(Main.java:2138)
	at sun.reflect.NativeMethodAccessorImpl.invoke0(Native Method)
	at sun.reflect.NativeMethodAccessorImpl.invoke(NativeMethodAccessorImpl.java:62)
	at sun.reflect.DelegatingMethodAccessorImpl.invoke(DelegatingMethodAccessorImpl.java:43)
	at java.lang.reflect.Method.invoke(Method.java:497)
	at com.martiansoftware.nailgun.NGSession.run(NGSession.java:338)

[2017-05-12 17:19:29.749][debug][command:null][tid:334][com.martiansoftware.nailgun.NGSession] Tearing down client socket
[2017-05-12 17:19:29.749][debug][command:null][tid:334][com.martiansoftware.nailgun.NGSession] Flushing client socket
[2017-05-12 17:19:29.749][debug][command:null][tid:334][com.martiansoftware.nailgun.NGSession] Error shutting down socket I/O (this is expected if the client disconnected already)
java.io.IOException: com.sun.jna.LastErrorException: [57] Socket is not connected
	at com.martiansoftware.nailgun.NGUnixDomainSocket.doShutdown(NGUnixDomainSocket.java:74)
	at com.martiansoftware.nailgun.NGUnixDomainSocket.shutdownInput(NGUnixDomainSocket.java:60)
	at com.martiansoftware.nailgun.NGSession.run(NGSession.java:384)
Caused by: com.sun.jna.LastErrorException: [57] Socket is not connected
	at com.martiansoftware.nailgun.NGUnixDomainSocketLibrary.shutdown(Native Method)
	at com.martiansoftware.nailgun.NGUnixDomainSocket.doShutdown(NGUnixDomainSocket.java:71)
	... 2 more

[2017-05-12 17:19:29.749][debug][command:null][tid:334][com.martiansoftware.nailgun.NGSession] Closing client socket
[2017-05-12 17:19:29.749][debug][command:null][tid:334][com.martiansoftware.nailgun.NGSession] Finished tearing down client socket
[2017-05-12 17:19:29.752][debug][command:null][tid:334][com.martiansoftware.nailgun.NGSession] Waiting for next client to connect
[2017-05-12 17:19:29.752][info ][command:null][tid:334][com.martiansoftware.nailgun.NGSession] NGSession shutting down
[2017-05-12 17:19:42.776][debug][command:null][tid:337][com.martiansoftware.nailgun.NGSession] Client connected
[2017-05-12 17:19:42.777][debug][command:null][tid:352][com.martiansoftware.nailgun.NGSession] Waiting for first client to connect
[2017-05-12 17:19:42.779][debug][command:null][tid:337][com.martiansoftware.nailgun.NGSession] Tearing down client socket
[2017-05-12 17:19:42.779][debug][command:null][tid:337][com.martiansoftware.nailgun.NGSession] Flushing client socket
[2017-05-12 17:19:42.779][warn ][command:null][tid:353][com.martiansoftware.nailgun.NGInputStream] Nailgun client read future was interrupted
java.lang.InterruptedException
	at java.util.concurrent.FutureTask.awaitDone(FutureTask.java:404)
	at java.util.concurrent.FutureTask.get(FutureTask.java:204)
	at com.martiansoftware.nailgun.NGInputStream$1.run(NGInputStream.java:91)
	at java.util.concurrent.Executors$RunnableAdapter.call(Executors.java:511)
	at java.util.concurrent.FutureTask.run(FutureTask.java:266)
	at java.util.concurrent.ThreadPoolExecutor.runWorker(ThreadPoolExecutor.java:1142)
	at java.util.concurrent.ThreadPoolExecutor$Worker.run(ThreadPoolExecutor.java:617)
	at java.lang.Thread.run(Thread.java:745)

[2017-05-12 17:19:42.779][debug][command:null][tid:337][com.martiansoftware.nailgun.NGSession] Error shutting down socket I/O (this is expected if the client disconnected already)
java.io.IOException: com.sun.jna.LastErrorException: [57] Socket is not connected
	at com.martiansoftware.nailgun.NGUnixDomainSocket.doShutdown(NGUnixDomainSocket.java:74)
	at com.martiansoftware.nailgun.NGUnixDomainSocket.shutdownInput(NGUnixDomainSocket.java:60)
	at com.martiansoftware.nailgun.NGSession.run(NGSession.java:384)
Caused by: com.sun.jna.LastErrorException: [57] Socket is not connected
	at com.martiansoftware.nailgun.NGUnixDomainSocketLibrary.shutdown(Native Method)
	at com.martiansoftware.nailgun.NGUnixDomainSocket.doShutdown(NGUnixDomainSocket.java:71)
	... 2 more

[2017-05-12 17:19:42.779][debug][command:null][tid:353][com.martiansoftware.nailgun.NGInputStream] Nailgun client read shutting down
[2017-05-12 17:19:42.779][debug][command:null][tid:337][com.martiansoftware.nailgun.NGSession] Closing client socket
[2017-05-12 17:19:42.780][debug][command:null][tid:337][com.martiansoftware.nailgun.NGSession] Finished tearing down client socket
[2017-05-12 17:19:42.780][debug][command:null][tid:337][com.martiansoftware.nailgun.NGSession] Waiting for next client to connect
[2017-05-12 17:19:42.780][info ][command:null][tid:337][com.martiansoftware.nailgun.NGSession] NGSession shutting down
[2017-05-12 17:19:42.780][debug][command:null][tid:352][com.martiansoftware.nailgun.NGSession] Client connected
[2017-05-12 17:19:42.782][debug][command:null][tid:355][com.martiansoftware.nailgun.NGSession] Waiting for first client to connect
[2017-05-12 17:19:42.783][debug][command:null][tid:352][com.martiansoftware.nailgun.NGSession] Tearing down client socket
[2017-05-12 17:19:42.784][debug][command:null][tid:352][com.martiansoftware.nailgun.NGSession] Flushing client socket
[2017-05-12 17:19:42.784][warn ][command:null][tid:356][com.martiansoftware.nailgun.NGInputStream] Nailgun client read future was interrupted
java.lang.InterruptedException
	at java.util.concurrent.FutureTask.awaitDone(FutureTask.java:404)
	at java.util.concurrent.FutureTask.get(FutureTask.java:204)
	at com.martiansoftware.nailgun.NGInputStream$1.run(NGInputStream.java:91)
	at java.util.concurrent.Executors$RunnableAdapter.call(Executors.java:511)
	at java.util.concurrent.FutureTask.run(FutureTask.java:266)
	at java.util.concurrent.ThreadPoolExecutor.runWorker(ThreadPoolExecutor.java:1142)
	at java.util.concurrent.ThreadPoolExecutor$Worker.run(ThreadPoolExecutor.java:617)
	at java.lang.Thread.run(Thread.java:745)

[2017-05-12 17:19:42.784][debug][command:null][tid:352][com.martiansoftware.nailgun.NGSession] Error shutting down socket I/O (this is expected if the client disconnected already)
java.io.IOException: com.sun.jna.LastErrorException: [57] Socket is not connected
	at com.martiansoftware.nailgun.NGUnixDomainSocket.doShutdown(NGUnixDomainSocket.java:74)
	at com.martiansoftware.nailgun.NGUnixDomainSocket.shutdownInput(NGUnixDomainSocket.java:60)
	at com.martiansoftware.nailgun.NGSession.run(NGSession.java:384)
Caused by: com.sun.jna.LastErrorException: [57] Socket is not connected
	at com.martiansoftware.nailgun.NGUnixDomainSocketLibrary.shutdown(Native Method)
	at com.martiansoftware.nailgun.NGUnixDomainSocket.doShutdown(NGUnixDomainSocket.java:71)
	... 2 more

[2017-05-12 17:19:42.784][debug][command:null][tid:356][com.martiansoftware.nailgun.NGInputStream] Nailgun client read shutting down
[2017-05-12 17:19:42.784][debug][command:null][tid:355][com.martiansoftware.nailgun.NGSession] Client connected
[2017-05-12 17:19:42.785][debug][command:null][tid:352][com.martiansoftware.nailgun.NGSession] Closing client socket
[2017-05-12 17:19:42.785][debug][command:null][tid:352][com.martiansoftware.nailgun.NGSession] Finished tearing down client socket
[2017-05-12 17:19:42.785][debug][command:null][tid:352][com.martiansoftware.nailgun.NGSession] Waiting for next client to connect
[2017-05-12 17:19:42.785][info ][command:null][tid:352][com.martiansoftware.nailgun.NGSession] NGSession shutting down
[2017-05-12 17:19:42.787][debug][command:null][tid:360][com.martiansoftware.nailgun.NGSession] Waiting for first client to connect
[2017-05-12 17:19:42.791][debug][command:null][tid:355][com.facebook.buck.cli.Main] Rotating log.
[2017-05-12 17:19:42.794][debug][command:null][tid:355][com.facebook.buck.cli.Main] Starting up (build date 2017-04-14 11:26:20 -0700, rev 22a78d57a01d6d3b7a107fff010721f4a756037d), args: [build, app]
[2017-05-12 17:19:42.799][debug][command:null][tid:355][com.facebook.buck.cli.Main] System properties: {java.vendor=Oracle Corporation, sun.java.launcher=SUN_STANDARD, sun.management.compiler=HotSpot 64-Bit Tiered Compilers, jnidispatch.path=/Users/xuanwang/Workspace/goprojects/src/github.com/keyrrae/monimenta_backend/.buckd/tmp/buck_run.kdjcxz/jna--1970152211/jna7666988563470099777.tmp, os.name=Mac OS X, buck.enable_objc=true, sun.boot.class.path=/Library/Java/JavaVirtualMachines/jdk1.8.0_60.jdk/Contents/Home/jre/lib/resources.jar:/Library/Java/JavaVirtualMachines/jdk1.8.0_60.jdk/Contents/Home/jre/lib/rt.jar:/Library/Java/JavaVirtualMachines/jdk1.8.0_60.jdk/Contents/Home/jre/lib/sunrsasign.jar:/Library/Java/JavaVirtualMachines/jdk1.8.0_60.jdk/Contents/Home/jre/lib/jsse.jar:/Library/Java/JavaVirtualMachines/jdk1.8.0_60.jdk/Contents/Home/jre/lib/jce.jar:/Library/Java/JavaVirtualMachines/jdk1.8.0_60.jdk/Contents/Home/jre/lib/charsets.jar:/Library/Java/JavaVirtualMachines/jdk1.8.0_60.jdk/Contents/Home/jre/lib/jfr.jar:/Library/Java/JavaVirtualMachines/jdk1.8.0_60.jdk/Contents/Home/jre/classes, java.vm.specification.vendor=Oracle Corporation, java.runtime.version=1.8.0_60-b27, buck.path_to_intellij_py=/Users/xuanwang/Applications/buck/src/com/facebook/buck/ide/intellij/deprecated/intellij.py, jna.loaded=true, buck.testrunner_classes=/Users/xuanwang/Applications/buck/build/testrunner/classes, buck.logging_config_file=/Users/xuanwang/Applications/buck/config/logging.properties.st, buck.path_to_sh_binary_template=/Users/xuanwang/Applications/buck/src/com/facebook/buck/shell/sh_binary_template, user.name=xuanwang, buck.path_to_pywatchman=/Users/xuanwang/Applications/buck/third-party/py/pywatchman, buck.report_generator_jar=/Users/xuanwang/Applications/buck/build/report-generator.jar, buck.git_commit=22a78d57a01d6d3b7a107fff010721f4a756037d, user.language=en, sun.boot.library.path=/Library/Java/JavaVirtualMachines/jdk1.8.0_60.jdk/Contents/Home/jre/lib, java.version=1.8.0_60, user.timezone=America/Los_Angeles, buck.test_util_no_tests_dir=true, sun.arch.data.model=64, http.nonProxyHosts=local|*.local|169.254/16|*.169.254/16, java.endorsed.dirs=/Library/Java/JavaVirtualMachines/jdk1.8.0_60.jdk/Contents/Home/jre/lib/endorsed, sun.cpu.isalist=, sun.jnu.encoding=UTF-8, file.encoding.pkg=sun.io, file.separator=/, java.specification.name=Java Platform API Specification, buck.jacoco_agent_jar=/Users/xuanwang/Applications/buck/third-party/java/jacoco/jacocoagent.jar, java.class.version=52.0, user.country=US, java.home=/Library/Java/JavaVirtualMachines/jdk1.8.0_60.jdk/Contents/Home/jre, java.vm.info=mixed mode, os.version=10.12.4, buck.path_to_static_content=/Users/xuanwang/Applications/buck/webserver/static, buck.version_uid=0702a770b828b183c5453201c8748b145a183934, org.eclipse.jetty.util.log.class=org.eclipse.jetty.util.log.JavaUtilLog, buck.abi_processor_classes=/Users/xuanwang/Applications/buck/build/abi_processor/classes, path.separator=:, java.vm.version=25.60-b23, java.awt.printerjob=sun.lwawt.macosx.CPrinterJob, sun.io.unicode.encoding=UnicodeBig, awt.toolkit=sun.lwawt.macosx.LWCToolkit, socksNonProxyHosts=local|*.local|169.254/16|*.169.254/16, buck.buck_build_type_info=/Users/xuanwang/Applications/buck/config/build_type/LOCAL_ANT/type.txt, ftp.nonProxyHosts=local|*.local|169.254/16|*.169.254/16, buck.dx=/Users/xuanwang/Applications/buck/third-party/java/dx/etc/dx, buck.git_commit_timestamp=1492194380, user.home=/Users/xuanwang, buck.path_to_asm_jar=/Users/xuanwang/Applications/buck/third-party/java/asm/asm-debug-all-5.0.3.jar, java.specification.vendor=Oracle Corporation, buck.git_dirty=1, java.library.path=/Users/xuanwang/Applications/buck/third-party/java/ObjCBridge, java.vendor.url=http://java.oracle.com/, java.vm.vendor=Oracle Corporation, gopherProxySet=false, java.runtime.name=Java(TM) SE Runtime Environment, sun.java.command=com.facebook.buck.cli.bootstrapper.ClassLoaderBootstrapper com.facebook.buck.cli.Main$DaemonBootstrap local:.buckd/sock 60000, java.class.path=/Users/xuanwang/Applications/buck/build/bootstrapper/bootstrapper.jar, buck.buckd_dir=/Users/xuanwang/Workspace/goprojects/src/github.com/keyrrae/monimenta_backend/.buckd, buck.path_to_pathlib_py=/Users/xuanwang/Applications/buck/third-party/py/pathlib/pathlib.py, buck.buckd_launch_time_nanos=31377502341790, java.vm.specification.name=Java Virtual Machine Specification, com.martiansoftware.nailgun.NGServer.outputPath=/Users/xuanwang/Workspace/goprojects/src/github.com/keyrrae/monimenta_backend/.buckd/tmp/buck_run.kdjcxz/ngserver-out, java.vm.specification.version=1.8, sun.cpu.endian=little, buck.path_to_rawmanifest_py=/Users/xuanwang/Applications/buck/src/com/facebook/buck/util/versioncontrol/rawmanifest.py, sun.os.patch.level=unknown, java.awt.headless=true, java.io.tmpdir=/Users/xuanwang/Workspace/goprojects/src/github.com/keyrrae/monimenta_backend/.buckd/tmp/buck_run.kdjcxz, buck.android_agent_path=/Users/xuanwang/Applications/buck/assets/android/agent.apk, java.vendor.url.bug=http://bugreport.sun.com/bugreport/, jna.platform.library.path=/usr/lib:/usr/lib, os.arch=x86_64, java.awt.graphicsenv=sun.awt.CGraphicsEnvironment, buck.path_to_pex=/Users/xuanwang/Applications/buck/src/com/facebook/buck/python/make_pex.py, java.ext.dirs=/Users/xuanwang/Library/Java/Extensions:/Library/Java/JavaVirtualMachines/jdk1.8.0_60.jdk/Contents/Home/jre/lib/ext:/Library/Java/Extensions:/Network/Library/Java/Extensions:/System/Library/Java/Extensions:/usr/lib/java, java.util.logging.config.class=com.facebook.buck.cli.bootstrapper.LogConfig, user.dir=/Users/xuanwang/Workspace/goprojects/src/github.com/keyrrae/monimenta_backend, line.separator=
, java.vm.name=Java HotSpot(TM) 64-Bit Server VM, buck.path_to_typing=/Users/xuanwang/Applications/buck/third-party/py/typing/python2, buck.native_exopackage_fake_path=/Users/xuanwang/Applications/buck/assets/android/native-exopackage-fakes.apk, file.encoding=UTF-8, java.specification.version=1.8}
[2017-05-12 17:19:42.799][debug][command:null][tid:355][com.facebook.buck.config.Configs] Loading configuration for /Users/xuanwang/Workspace/goprojects/src/github.com/keyrrae/monimenta_backend
[2017-05-12 17:19:42.802][debug][command:null][tid:355][com.facebook.buck.config.Configs] Loaded a configuration file /Users/xuanwang/Workspace/goprojects/src/github.com/keyrrae/monimenta_backend/.buckconfig: {alias={app=//:monimenta_backend}, httpserver={port=0}}
[2017-05-12 17:19:42.802][debug][command:null][tid:355][com.facebook.buck.config.Configs] Adding configuration overrides RawConfig{values={}}
[2017-05-12 17:19:42.805][info ][command:null][tid:355][com.facebook.buck.io.Watchman] Creating for: [/Users/xuanwang/Workspace/goprojects/src/github.com/keyrrae/monimenta_backend]
[2017-05-12 17:19:42.806][debug][command:null][tid:355][com.facebook.buck.io.ExecutableFinder] Executable 'watchman' mapped to 'Optional[/usr/local/bin/watchman]'
[2017-05-12 17:19:42.806][debug][command:null][tid:355][com.facebook.buck.util.ListeningProcessExecutor] Launching process with params ProcessExecutorParams{command=[/usr/local/bin/watchman, --output-encoding=bser, get-sockname]}
[2017-05-12 17:19:42.808][debug][command:null][tid:355][com.facebook.buck.util.ListeningProcessExecutor] Successfully launched process com.zaxxer.nuprocess.osx.OsxProcess@55acea7c
[2017-05-12 17:19:42.808][debug][command:null][tid:355][com.facebook.buck.util.ListeningProcessExecutor] Waiting for process com.facebook.buck.util.ListeningProcessExecutor$LaunchedProcessImpl@763f710e timeout 1000000000 NANOSECONDS
[2017-05-12 17:19:42.824][debug][command:null][tid:355][com.facebook.buck.util.ListeningProcessExecutor] Wait for process returned 0
[2017-05-12 17:19:42.824][debug][command:null][tid:355][com.facebook.buck.io.Watchman] Waited 16 ms for Watchman command get-sockname, exit code 0
[2017-05-12 17:19:42.825][debug][command:null][tid:355][com.facebook.buck.io.Watchman] stdout of command: {version=4.7.0, sockname=/usr/local/var/run/watchman/xuanwang-state/sock}
[2017-05-12 17:19:42.825][info ][command:null][tid:355][com.facebook.buck.io.Watchman] Connecting to Watchman version 4.7.0 at /usr/local/var/run/watchman/xuanwang-state/sock
[2017-05-12 17:19:42.826][debug][command:null][tid:355][com.facebook.buck.io.Watchman] Connected to Watchman
[2017-05-12 17:19:42.826][debug][command:null][tid:362][com.facebook.buck.io.WatchmanTransportClient] Sending query: [version, {required=[cmd-watch-project], optional=[term-dirname, cmd-watch-project, wildmatch, wildmatch_multislash, glob_generator, clock-sync-timeout]}]
[2017-05-12 17:19:42.827][debug][command:null][tid:355][com.facebook.buck.io.WatchmanTransportClient] Query [version, {required=[cmd-watch-project], optional=[term-dirname, cmd-watch-project, wildmatch, wildmatch_multislash, glob_generator, clock-sync-timeout]}] returned in 0 ms
[2017-05-12 17:19:42.827][info ][command:null][tid:355][com.facebook.buck.io.Watchman] Took 1 ms to query capabilities {term-dirname=DIRNAME, cmd-watch-project=SUPPORTS_PROJECT_WATCH, wildmatch=WILDMATCH_GLOB, wildmatch_multislash=WILDMATCH_MULTISLASH, glob_generator=GLOB_GENERATOR, clock-sync-timeout=CLOCK_SYNC_TIMEOUT}
[2017-05-12 17:19:42.827][debug][command:null][tid:355][com.facebook.buck.io.Watchman] Got capabilities response: {term-dirname=true, cmd-watch-project=true, wildmatch=true, wildmatch_multislash=false, glob_generator=true, clock-sync-timeout=true}
[2017-05-12 17:19:42.827][debug][command:null][tid:355][com.facebook.buck.io.Watchman] Got Watchman capabilities: [DIRNAME, SUPPORTS_PROJECT_WATCH, WILDMATCH_GLOB, GLOB_GENERATOR, CLOCK_SYNC_TIMEOUT]
[2017-05-12 17:19:42.827][info ][command:null][tid:355][com.facebook.buck.io.Watchman] Adding watchman root: /Users/xuanwang/Workspace/goprojects/src/github.com/keyrrae/monimenta_backend
[2017-05-12 17:19:42.828][debug][command:null][tid:362][com.facebook.buck.io.WatchmanTransportClient] Sending query: [watch-project, /Users/xuanwang/Workspace/goprojects/src/github.com/keyrrae/monimenta_backend]
[2017-05-12 17:19:42.828][debug][command:null][tid:355][com.facebook.buck.io.WatchmanTransportClient] Query [watch-project, /Users/xuanwang/Workspace/goprojects/src/github.com/keyrrae/monimenta_backend] returned in 0 ms
[2017-05-12 17:19:42.828][debug][command:null][tid:362][com.facebook.buck.io.WatchmanTransportClient] Sending query: [watch-project, /Users/xuanwang/Workspace/goprojects/src/github.com/keyrrae/monimenta_backend]
[2017-05-12 17:19:42.828][debug][command:null][tid:355][com.facebook.buck.io.WatchmanTransportClient] Query [watch-project, /Users/xuanwang/Workspace/goprojects/src/github.com/keyrrae/monimenta_backend] returned in 0 ms
[2017-05-12 17:19:42.829][info ][command:null][tid:355][com.facebook.buck.io.Watchman] Took 1 ms to add root /Users/xuanwang/Workspace/goprojects/src/github.com/keyrrae/monimenta_backend
[2017-05-12 17:19:42.829][debug][command:null][tid:362][com.facebook.buck.io.WatchmanTransportClient] Sending query: [clock, /Users/xuanwang/Workspace/goprojects/src/github.com/keyrrae/monimenta_backend, {sync_timeout=100}]
[2017-05-12 17:19:42.834][debug][command:null][tid:355][com.facebook.buck.io.WatchmanTransportClient] Query [clock, /Users/xuanwang/Workspace/goprojects/src/github.com/keyrrae/monimenta_backend, {sync_timeout=100}] returned in 5 ms
[2017-05-12 17:19:42.835][info ][command:null][tid:355][com.facebook.buck.io.Watchman] Took 6 ms to query for initial clock id Optional[c:1494560681:563:6:445]
[2017-05-12 17:19:42.835][debug][command:null][tid:355][com.facebook.buck.cli.Main] Watchman capabilities: [DIRNAME, SUPPORTS_PROJECT_WATCH, WILDMATCH_GLOB, GLOB_GENERATOR, CLOCK_SYNC_TIMEOUT] Project watches: {/Users/xuanwang/Workspace/goprojects/src/github.com/keyrrae/monimenta_backend=ProjectWatch{watchRoot=/Users/xuanwang/Workspace/goprojects/src/github.com/keyrrae/monimenta_backend}} Glob handler config: PYTHON Query timeout ms config: Optional.empty
