[2017-05-12 17:54:01.005][debug][command:8957403b-348d-4807-afff-569516742f73][tid:564][com.google.common.util.concurrent.ServiceManager] Starting PerfStatsTracking [RUNNING].
[2017-05-12 17:54:01.005][debug][command:8957403b-348d-4807-afff-569516742f73][tid:564][com.google.common.util.concurrent.ServiceManager] Started PerfStatsTracking [RUNNING] in 739.4 μs.
[2017-05-12 17:54:01.006][debug][command:8957403b-348d-4807-afff-569516742f73][tid:564][com.google.common.util.concurrent.ServiceManager] Starting ProcessTracker [STARTING].
[2017-05-12 17:54:01.006][debug][command:8957403b-348d-4807-afff-569516742f73][tid:564][com.facebook.buck.cli.Main] InvocationInfo BuildId=[8957403b-348d-4807-afff-569516742f73] Args=[server, status, --http-port]
[2017-05-12 17:54:01.006][debug][command:null][tid:575][com.facebook.buck.util.perf.ProcessTracker] startUp
[2017-05-12 17:54:01.006][debug][command:null][tid:575][com.facebook.buck.util.perf.ProcessTracker] startUp
[2017-05-12 17:54:01.007][debug][command:8957403b-348d-4807-afff-569516742f73][tid:564][com.facebook.buck.util.environment.MacWifiSsidFinder] Getting current SSID..
[2017-05-12 17:54:01.007][debug][command:8957403b-348d-4807-afff-569516742f73][tid:564][com.facebook.buck.util.environment.MacWifiSsidFinder] Getting SSID from Wi-Fi interface: <CWInterface: 0x7fb3f99264f0> [interfaceName=en0]
[2017-05-12 17:54:01.008][debug][command:null][tid:575][com.google.common.util.concurrent.ServiceManager] Started ProcessTracker [RUNNING] in 1.925 ms.
[2017-05-12 17:54:01.008][debug][command:null][tid:575][com.google.common.util.concurrent.ServiceManager] Started ProcessTracker [RUNNING] in 1.925 ms.
[2017-05-12 17:54:01.008][debug][command:8957403b-348d-4807-afff-569516742f73][tid:564][com.facebook.buck.util.environment.MacWifiSsidFinder] Found SSID: UCSB Wireless Web
[2017-05-12 17:54:01.014][warn ][command:null][tid:578][com.facebook.buck.event.listener.PublicAnnouncementManager] Failed to get public announcements. Reason: Failed to establish connection to server.
[2017-05-12 17:54:01.014][warn ][command:null][tid:578][com.facebook.buck.event.listener.PublicAnnouncementManager] Failed to get public announcements. Reason: Failed to establish connection to server.
[2017-05-12 17:54:01.015][debug][command:8957403b-348d-4807-afff-569516742f73][tid:564][com.facebook.buck.parser.Parser] com.facebook.buck.event.DefaultBuckEventBus@2f465924
[2017-05-12 17:54:01.016][debug][command:null][tid:571][com.facebook.buck.io.WatchmanTransportClient] Sending query: [query, /Users/xuanwang/Workspace/goprojects/src/github.com/keyrrae/monimenta_backend, {since=c:1494560681:563:6:688, expression=[not, [anyof, [type, d], [dirname, .idea], [dirname, .buckd], [dirname, buck-out/cache], [dirname, buck-out/.trash], [dirname, buck-out], [match, **/*.pbxproj, wholename, {includedotfiles=true}], [match, **/*.xcscheme, wholename, {includedotfiles=true}], [match, **/*.xcworkspacedata, wholename, {includedotfiles=true}], [match, **/*~, wholename, {includedotfiles=true}], [match, **/#*#, wholename, {includedotfiles=true}], [match, **/.#*, wholename, {includedotfiles=true}], [match, **/*.swo, wholename, {includedotfiles=true}], [match, **/*.swp, wholename, {includedotfiles=true}], [match, **/*.swpx, wholename, {includedotfiles=true}], [match, **/*.un~, wholename, {includedotfiles=true}], [match, **/.netrhwist, wholename, {includedotfiles=true}], [match, .idea, wholename, {includedotfiles=true}], [match, .iml, wholename, {includedotfiles=true}], [match, **/*.pydevproject, wholename, {includedotfiles=true}], [match, .project, wholename, {includedotfiles=true}], [match, .metadata, wholename, {includedotfiles=true}], [match, **/*.tmp, wholename, {includedotfiles=true}], [match, **/*.bak, wholename, {includedotfiles=true}], [match, **/*~.nib, wholename, {includedotfiles=true}], [match, .classpath, wholename, {includedotfiles=true}], [match, .settings, wholename, {includedotfiles=true}], [match, .loadpath, wholename, {includedotfiles=true}], [match, .externalToolBuilders, wholename, {includedotfiles=true}], [match, .cproject, wholename, {includedotfiles=true}], [match, .buildpath, wholename, {includedotfiles=true}], [match, .DS_Store, wholename, {includedotfiles=true}], [match, .AppleDouble, wholename, {includedotfiles=true}], [match, .LSOverride, wholename, {includedotfiles=true}], [match, .Spotlight-V100, wholename, {includedotfiles=true}], [match, .Trashes, wholename, {includedotfiles=true}], [match, $RECYCLE.BIN, wholename, {includedotfiles=true}], [match, .*.sublime-workspace, wholename, {includedotfiles=true}]]], empty_on_fresh_instance=true, fields=[name, exists, new]}]
[2017-05-12 17:54:01.016][debug][command:null][tid:571][com.facebook.buck.io.WatchmanTransportClient] Sending query: [query, /Users/xuanwang/Workspace/goprojects/src/github.com/keyrrae/monimenta_backend, {since=c:1494560681:563:6:688, expression=[not, [anyof, [type, d], [dirname, .idea], [dirname, .buckd], [dirname, buck-out/cache], [dirname, buck-out/.trash], [dirname, buck-out], [match, **/*.pbxproj, wholename, {includedotfiles=true}], [match, **/*.xcscheme, wholename, {includedotfiles=true}], [match, **/*.xcworkspacedata, wholename, {includedotfiles=true}], [match, **/*~, wholename, {includedotfiles=true}], [match, **/#*#, wholename, {includedotfiles=true}], [match, **/.#*, wholename, {includedotfiles=true}], [match, **/*.swo, wholename, {includedotfiles=true}], [match, **/*.swp, wholename, {includedotfiles=true}], [match, **/*.swpx, wholename, {includedotfiles=true}], [match, **/*.un~, wholename, {includedotfiles=true}], [match, **/.netrhwist, wholename, {includedotfiles=true}], [match, .idea, wholename, {includedotfiles=true}], [match, .iml, wholename, {includedotfiles=true}], [match, **/*.pydevproject, wholename, {includedotfiles=true}], [match, .project, wholename, {includedotfiles=true}], [match, .metadata, wholename, {includedotfiles=true}], [match, **/*.tmp, wholename, {includedotfiles=true}], [match, **/*.bak, wholename, {includedotfiles=true}], [match, **/*~.nib, wholename, {includedotfiles=true}], [match, .classpath, wholename, {includedotfiles=true}], [match, .settings, wholename, {includedotfiles=true}], [match, .loadpath, wholename, {includedotfiles=true}], [match, .externalToolBuilders, wholename, {includedotfiles=true}], [match, .cproject, wholename, {includedotfiles=true}], [match, .buildpath, wholename, {includedotfiles=true}], [match, .DS_Store, wholename, {includedotfiles=true}], [match, .AppleDouble, wholename, {includedotfiles=true}], [match, .LSOverride, wholename, {includedotfiles=true}], [match, .Spotlight-V100, wholename, {includedotfiles=true}], [match, .Trashes, wholename, {includedotfiles=true}], [match, $RECYCLE.BIN, wholename, {includedotfiles=true}], [match, .*.sublime-workspace, wholename, {includedotfiles=true}]]], empty_on_fresh_instance=true, fields=[name, exists, new]}]
[2017-05-12 17:54:01.023][debug][command:8957403b-348d-4807-afff-569516742f73][tid:564][com.facebook.buck.io.WatchmanTransportClient] Query [query, /Users/xuanwang/Workspace/goprojects/src/github.com/keyrrae/monimenta_backend, {since=c:1494560681:563:6:688, expression=[not, [anyof, [type, d], [dirname, .idea], [dirname, .buckd], [dirname, buck-out/cache], [dirname, buck-out/.trash], [dirname, buck-out], [match, **/*.pbxproj, wholename, {includedotfiles=true}], [match, **/*.xcscheme, wholename, {includedotfiles=true}], [match, **/*.xcworkspacedata, wholename, {includedotfiles=true}], [match, **/*~, wholename, {includedotfiles=true}], [match, **/#*#, wholename, {includedotfiles=true}], [match, **/.#*, wholename, {includedotfiles=true}], [match, **/*.swo, wholename, {includedotfiles=true}], [match, **/*.swp, wholename, {includedotfiles=true}], [match, **/*.swpx, wholename, {includedotfiles=true}], [match, **/*.un~, wholename, {includedotfiles=true}], [match, **/.netrhwist, wholename, {includedotfiles=true}], [match, .idea, wholename, {includedotfiles=true}], [match, .iml, wholename, {includedotfiles=true}], [match, **/*.pydevproject, wholename, {includedotfiles=true}], [match, .project, wholename, {includedotfiles=true}], [match, .metadata, wholename, {includedotfiles=true}], [match, **/*.tmp, wholename, {includedotfiles=true}], [match, **/*.bak, wholename, {includedotfiles=true}], [match, **/*~.nib, wholename, {includedotfiles=true}], [match, .classpath, wholename, {includedotfiles=true}], [match, .settings, wholename, {includedotfiles=true}], [match, .loadpath, wholename, {includedotfiles=true}], [match, .externalToolBuilders, wholename, {includedotfiles=true}], [match, .cproject, wholename, {includedotfiles=true}], [match, .buildpath, wholename, {includedotfiles=true}], [match, .DS_Store, wholename, {includedotfiles=true}], [match, .AppleDouble, wholename, {includedotfiles=true}], [match, .LSOverride, wholename, {includedotfiles=true}], [match, .Spotlight-V100, wholename, {includedotfiles=true}], [match, .Trashes, wholename, {includedotfiles=true}], [match, $RECYCLE.BIN, wholename, {includedotfiles=true}], [match, .*.sublime-workspace, wholename, {includedotfiles=true}]]], empty_on_fresh_instance=true, fields=[name, exists, new]}] returned in 7 ms
[2017-05-12 17:54:01.024][debug][command:8957403b-348d-4807-afff-569516742f73][tid:564][com.facebook.buck.util.WatchmanWatcher] Updating Watchman Cursor from c:1494560681:563:6:688 to c:1494560681:563:6:706
[2017-05-12 17:54:01.024][debug][command:8957403b-348d-4807-afff-569516742f73][tid:564][com.facebook.buck.util.WatchmanWatcher] Posted 0 Watchman events.
[2017-05-12 17:54:01.025][info ][command:8957403b-348d-4807-afff-569516742f73][tid:564][com.facebook.buck.cli.Main] Awaiting termination of HTTP Write executor service. Waiting for all jobs to complete, or up to maximum of 1800 seconds...
[2017-05-12 17:54:01.025][info ][command:8957403b-348d-4807-afff-569516742f73][tid:564][com.facebook.buck.cli.Main] Awaiting termination of CounterAggregatorExecutor executor service. Waiting for all jobs to complete, or up to maximum of 20 seconds...
[2017-05-12 17:54:01.025][debug][command:8957403b-348d-4807-afff-569516742f73][tid:575][com.facebook.buck.util.perf.ProcessTracker] shutDown
[2017-05-12 17:54:01.025][debug][command:null][tid:574][com.google.common.util.concurrent.ServiceManager] Service PerfStatsTracking [TERMINATED] has terminated. Previous state was: STOPPING
[2017-05-12 17:54:01.027][debug][command:null][tid:575][com.google.common.util.concurrent.ServiceManager] Service ProcessTracker [TERMINATED] has terminated. Previous state was: STOPPING
[2017-05-12 17:54:01.030][info ][command:null][tid:564][com.facebook.buck.cli.Main] Awaiting termination of NETWORK executor service. Waiting for all jobs to complete, or up to maximum of 60 seconds...
[2017-05-12 17:54:01.030][info ][command:null][tid:564][com.facebook.buck.cli.Main] Awaiting termination of PROJECT executor service. Waiting for all jobs to complete, or up to maximum of 60 seconds...
[2017-05-12 17:54:01.030][info ][command:null][tid:564][com.facebook.buck.cli.Main] Awaiting termination of CPU executor service. Waiting for all jobs to complete, or up to maximum of 60 seconds...
[2017-05-12 17:54:01.031][info ][command:null][tid:564][com.facebook.buck.cli.Main] Awaiting termination of Disk IO executor service. Waiting for all jobs to complete, or up to maximum of 10 seconds...
[2017-05-12 17:54:01.031][debug][command:null][tid:564][com.facebook.buck.event.listener.ChromeTraceBuildListener] Writing Chrome trace to buck-out/log/2017-05-13_00h54m01s_servercommand_8957403b-348d-4807-afff-569516742f73/build.2017-05-12.17-54-01.8957403b-348d-4807-afff-569516742f73.trace
[2017-05-12 17:54:01.031][warn ][command:null][tid:568][com.martiansoftware.nailgun.NGInputStream] Nailgun client read future was interrupted
java.lang.InterruptedException
	at java.util.concurrent.FutureTask.awaitDone(FutureTask.java:404)
	at java.util.concurrent.FutureTask.get(FutureTask.java:204)
	at com.martiansoftware.nailgun.NGInputStream$1.run(NGInputStream.java:91)
	at java.util.concurrent.Executors$RunnableAdapter.call(Executors.java:511)
	at java.util.concurrent.FutureTask.run(FutureTask.java:266)
	at java.util.concurrent.ThreadPoolExecutor.runWorker(ThreadPoolExecutor.java:1142)
	at java.util.concurrent.ThreadPoolExecutor$Worker.run(ThreadPoolExecutor.java:617)
	at java.lang.Thread.run(Thread.java:745)

[2017-05-12 17:54:01.033][debug][command:null][tid:568][com.martiansoftware.nailgun.NGInputStream] Nailgun client read shutting down
[2017-05-12 17:54:01.036][debug][command:null][tid:564][com.facebook.buck.io.WatchmanTransportClient] Closing Watchman transport.
[2017-05-12 17:54:01.036][debug][command:null][tid:564][com.facebook.buck.cli.Main] Done.
[2017-05-12 17:54:01.037][info ][command:null][tid:564][com.martiansoftware.nailgun.NGSession] Server cleanly exited with status 0
com.martiansoftware.nailgun.NGExitException: ExitException: status 0
	at com.martiansoftware.nailgun.NGSecurityManager.checkExit(NGSecurityManager.java:56)
	at java.lang.Runtime.exit(Runtime.java:107)
	at java.lang.System.exit(System.java:971)
	at com.facebook.buck.cli.Main.runMainThenExit(Main.java:774)
	at com.facebook.buck.cli.Main.nailMain(Main.java:2138)
	at sun.reflect.NativeMethodAccessorImpl.invoke0(Native Method)
	at sun.reflect.NativeMethodAccessorImpl.invoke(NativeMethodAccessorImpl.java:62)
	at sun.reflect.DelegatingMethodAccessorImpl.invoke(DelegatingMethodAccessorImpl.java:43)
	at java.lang.reflect.Method.invoke(Method.java:497)
	at com.martiansoftware.nailgun.NGSession.run(NGSession.java:338)

[2017-05-12 17:54:01.037][debug][command:null][tid:564][com.martiansoftware.nailgun.NGSession] Tearing down client socket
[2017-05-12 17:54:01.037][debug][command:null][tid:564][com.martiansoftware.nailgun.NGSession] Flushing client socket
[2017-05-12 17:54:01.037][debug][command:null][tid:564][com.martiansoftware.nailgun.NGSession] Error shutting down socket I/O (this is expected if the client disconnected already)
java.io.IOException: com.sun.jna.LastErrorException: [57] Socket is not connected
	at com.martiansoftware.nailgun.NGUnixDomainSocket.doShutdown(NGUnixDomainSocket.java:74)
	at com.martiansoftware.nailgun.NGUnixDomainSocket.shutdownInput(NGUnixDomainSocket.java:60)
	at com.martiansoftware.nailgun.NGSession.run(NGSession.java:384)
Caused by: com.sun.jna.LastErrorException: [57] Socket is not connected
	at com.martiansoftware.nailgun.NGUnixDomainSocketLibrary.shutdown(Native Method)
	at com.martiansoftware.nailgun.NGUnixDomainSocket.doShutdown(NGUnixDomainSocket.java:71)
	... 2 more

[2017-05-12 17:54:01.038][debug][command:null][tid:564][com.martiansoftware.nailgun.NGSession] Closing client socket
[2017-05-12 17:54:01.038][debug][command:null][tid:564][com.martiansoftware.nailgun.NGSession] Finished tearing down client socket
[2017-05-12 17:54:01.038][debug][command:null][tid:564][com.martiansoftware.nailgun.NGSession] Waiting for next client to connect
[2017-05-12 17:54:01.038][info ][command:null][tid:564][com.martiansoftware.nailgun.NGSession] NGSession shutting down
[2017-05-12 17:59:09.815][debug][command:null][tid:567][com.martiansoftware.nailgun.NGSession] Client connected
[2017-05-12 17:59:09.815][debug][command:null][tid:580][com.martiansoftware.nailgun.NGSession] Waiting for first client to connect
[2017-05-12 17:59:09.817][debug][command:null][tid:567][com.martiansoftware.nailgun.NGSession] Tearing down client socket
[2017-05-12 17:59:09.817][debug][command:null][tid:567][com.martiansoftware.nailgun.NGSession] Flushing client socket
[2017-05-12 17:59:09.817][warn ][command:null][tid:581][com.martiansoftware.nailgun.NGInputStream] Nailgun client read future was interrupted
java.lang.InterruptedException
	at java.util.concurrent.FutureTask.awaitDone(FutureTask.java:404)
	at java.util.concurrent.FutureTask.get(FutureTask.java:204)
	at com.martiansoftware.nailgun.NGInputStream$1.run(NGInputStream.java:91)
	at java.util.concurrent.Executors$RunnableAdapter.call(Executors.java:511)
	at java.util.concurrent.FutureTask.run(FutureTask.java:266)
	at java.util.concurrent.ThreadPoolExecutor.runWorker(ThreadPoolExecutor.java:1142)
	at java.util.concurrent.ThreadPoolExecutor$Worker.run(ThreadPoolExecutor.java:617)
	at java.lang.Thread.run(Thread.java:745)

[2017-05-12 17:59:09.818][debug][command:null][tid:567][com.martiansoftware.nailgun.NGSession] Error shutting down socket I/O (this is expected if the client disconnected already)
java.io.IOException: com.sun.jna.LastErrorException: [57] Socket is not connected
	at com.martiansoftware.nailgun.NGUnixDomainSocket.doShutdown(NGUnixDomainSocket.java:74)
	at com.martiansoftware.nailgun.NGUnixDomainSocket.shutdownInput(NGUnixDomainSocket.java:60)
	at com.martiansoftware.nailgun.NGSession.run(NGSession.java:384)
Caused by: com.sun.jna.LastErrorException: [57] Socket is not connected
	at com.martiansoftware.nailgun.NGUnixDomainSocketLibrary.shutdown(Native Method)
	at com.martiansoftware.nailgun.NGUnixDomainSocket.doShutdown(NGUnixDomainSocket.java:71)
	... 2 more

[2017-05-12 17:59:09.818][debug][command:null][tid:581][com.martiansoftware.nailgun.NGInputStream] Nailgun client read shutting down
[2017-05-12 17:59:09.818][debug][command:null][tid:567][com.martiansoftware.nailgun.NGSession] Closing client socket
[2017-05-12 17:59:09.818][debug][command:null][tid:567][com.martiansoftware.nailgun.NGSession] Finished tearing down client socket
[2017-05-12 17:59:09.818][debug][command:null][tid:567][com.martiansoftware.nailgun.NGSession] Waiting for next client to connect
[2017-05-12 17:59:09.818][info ][command:null][tid:567][com.martiansoftware.nailgun.NGSession] NGSession shutting down
[2017-05-12 17:59:09.818][debug][command:null][tid:580][com.martiansoftware.nailgun.NGSession] Client connected
[2017-05-12 17:59:09.819][debug][command:null][tid:583][com.martiansoftware.nailgun.NGSession] Waiting for first client to connect
[2017-05-12 17:59:09.820][debug][command:null][tid:580][com.martiansoftware.nailgun.NGSession] Tearing down client socket
[2017-05-12 17:59:09.820][debug][command:null][tid:580][com.martiansoftware.nailgun.NGSession] Flushing client socket
[2017-05-12 17:59:09.820][warn ][command:null][tid:584][com.martiansoftware.nailgun.NGInputStream] Nailgun client read future was interrupted
java.lang.InterruptedException
	at java.util.concurrent.FutureTask.awaitDone(FutureTask.java:404)
	at java.util.concurrent.FutureTask.get(FutureTask.java:204)
	at com.martiansoftware.nailgun.NGInputStream$1.run(NGInputStream.java:91)
	at java.util.concurrent.Executors$RunnableAdapter.call(Executors.java:511)
	at java.util.concurrent.FutureTask.run(FutureTask.java:266)
	at java.util.concurrent.ThreadPoolExecutor.runWorker(ThreadPoolExecutor.java:1142)
	at java.util.concurrent.ThreadPoolExecutor$Worker.run(ThreadPoolExecutor.java:617)
	at java.lang.Thread.run(Thread.java:745)

[2017-05-12 17:59:09.821][debug][command:null][tid:580][com.martiansoftware.nailgun.NGSession] Error shutting down socket I/O (this is expected if the client disconnected already)
java.io.IOException: com.sun.jna.LastErrorException: [57] Socket is not connected
	at com.martiansoftware.nailgun.NGUnixDomainSocket.doShutdown(NGUnixDomainSocket.java:74)
	at com.martiansoftware.nailgun.NGUnixDomainSocket.shutdownInput(NGUnixDomainSocket.java:60)
	at com.martiansoftware.nailgun.NGSession.run(NGSession.java:384)
Caused by: com.sun.jna.LastErrorException: [57] Socket is not connected
	at com.martiansoftware.nailgun.NGUnixDomainSocketLibrary.shutdown(Native Method)
	at com.martiansoftware.nailgun.NGUnixDomainSocket.doShutdown(NGUnixDomainSocket.java:71)
	... 2 more

[2017-05-12 17:59:09.821][debug][command:null][tid:584][com.martiansoftware.nailgun.NGInputStream] Nailgun client read shutting down
[2017-05-12 17:59:09.821][debug][command:null][tid:580][com.martiansoftware.nailgun.NGSession] Closing client socket
[2017-05-12 17:59:09.821][debug][command:null][tid:580][com.martiansoftware.nailgun.NGSession] Finished tearing down client socket
[2017-05-12 17:59:09.821][debug][command:null][tid:580][com.martiansoftware.nailgun.NGSession] Waiting for next client to connect
[2017-05-12 17:59:09.821][info ][command:null][tid:580][com.martiansoftware.nailgun.NGSession] NGSession shutting down
[2017-05-12 17:59:09.821][debug][command:null][tid:583][com.martiansoftware.nailgun.NGSession] Client connected
[2017-05-12 17:59:09.822][debug][command:null][tid:586][com.martiansoftware.nailgun.NGSession] Waiting for first client to connect
[2017-05-12 17:59:09.826][debug][command:null][tid:583][com.facebook.buck.cli.Main] Rotating log.
[2017-05-12 17:59:09.829][debug][command:null][tid:583][com.facebook.buck.cli.Main] Starting up (build date 2017-04-14 11:26:20 -0700, rev 22a78d57a01d6d3b7a107fff010721f4a756037d), args: [server, status, --http-port]
[2017-05-12 17:59:09.837][debug][command:null][tid:583][com.facebook.buck.cli.Main] System properties: {java.vendor=Oracle Corporation, sun.java.launcher=SUN_STANDARD, sun.management.compiler=HotSpot 64-Bit Tiered Compilers, jnidispatch.path=/Users/xuanwang/Workspace/goprojects/src/github.com/keyrrae/monimenta_backend/.buckd/tmp/buck_run.kdjcxz/jna--1970152211/jna7666988563470099777.tmp, os.name=Mac OS X, buck.enable_objc=true, sun.boot.class.path=/Library/Java/JavaVirtualMachines/jdk1.8.0_60.jdk/Contents/Home/jre/lib/resources.jar:/Library/Java/JavaVirtualMachines/jdk1.8.0_60.jdk/Contents/Home/jre/lib/rt.jar:/Library/Java/JavaVirtualMachines/jdk1.8.0_60.jdk/Contents/Home/jre/lib/sunrsasign.jar:/Library/Java/JavaVirtualMachines/jdk1.8.0_60.jdk/Contents/Home/jre/lib/jsse.jar:/Library/Java/JavaVirtualMachines/jdk1.8.0_60.jdk/Contents/Home/jre/lib/jce.jar:/Library/Java/JavaVirtualMachines/jdk1.8.0_60.jdk/Contents/Home/jre/lib/charsets.jar:/Library/Java/JavaVirtualMachines/jdk1.8.0_60.jdk/Contents/Home/jre/lib/jfr.jar:/Library/Java/JavaVirtualMachines/jdk1.8.0_60.jdk/Contents/Home/jre/classes, java.vm.specification.vendor=Oracle Corporation, java.runtime.version=1.8.0_60-b27, buck.path_to_intellij_py=/Users/xuanwang/Applications/buck/src/com/facebook/buck/ide/intellij/deprecated/intellij.py, jna.loaded=true, buck.testrunner_classes=/Users/xuanwang/Applications/buck/build/testrunner/classes, buck.logging_config_file=/Users/xuanwang/Applications/buck/config/logging.properties.st, buck.path_to_sh_binary_template=/Users/xuanwang/Applications/buck/src/com/facebook/buck/shell/sh_binary_template, user.name=xuanwang, buck.path_to_pywatchman=/Users/xuanwang/Applications/buck/third-party/py/pywatchman, buck.report_generator_jar=/Users/xuanwang/Applications/buck/build/report-generator.jar, buck.git_commit=22a78d57a01d6d3b7a107fff010721f4a756037d, user.language=en, sun.boot.library.path=/Library/Java/JavaVirtualMachines/jdk1.8.0_60.jdk/Contents/Home/jre/lib, java.version=1.8.0_60, user.timezone=America/Los_Angeles, buck.test_util_no_tests_dir=true, sun.arch.data.model=64, http.nonProxyHosts=local|*.local|169.254/16|*.169.254/16, java.endorsed.dirs=/Library/Java/JavaVirtualMachines/jdk1.8.0_60.jdk/Contents/Home/jre/lib/endorsed, sun.cpu.isalist=, sun.jnu.encoding=UTF-8, file.encoding.pkg=sun.io, file.separator=/, java.specification.name=Java Platform API Specification, buck.jacoco_agent_jar=/Users/xuanwang/Applications/buck/third-party/java/jacoco/jacocoagent.jar, java.class.version=52.0, user.country=US, java.home=/Library/Java/JavaVirtualMachines/jdk1.8.0_60.jdk/Contents/Home/jre, java.vm.info=mixed mode, os.version=10.12.4, buck.path_to_static_content=/Users/xuanwang/Applications/buck/webserver/static, buck.version_uid=0702a770b828b183c5453201c8748b145a183934, org.eclipse.jetty.util.log.class=org.eclipse.jetty.util.log.JavaUtilLog, buck.abi_processor_classes=/Users/xuanwang/Applications/buck/build/abi_processor/classes, path.separator=:, java.vm.version=25.60-b23, java.awt.printerjob=sun.lwawt.macosx.CPrinterJob, sun.io.unicode.encoding=UnicodeBig, awt.toolkit=sun.lwawt.macosx.LWCToolkit, socksNonProxyHosts=local|*.local|169.254/16|*.169.254/16, buck.buck_build_type_info=/Users/xuanwang/Applications/buck/config/build_type/LOCAL_ANT/type.txt, ftp.nonProxyHosts=local|*.local|169.254/16|*.169.254/16, buck.dx=/Users/xuanwang/Applications/buck/third-party/java/dx/etc/dx, buck.git_commit_timestamp=1492194380, user.home=/Users/xuanwang, buck.path_to_asm_jar=/Users/xuanwang/Applications/buck/third-party/java/asm/asm-debug-all-5.0.3.jar, java.specification.vendor=Oracle Corporation, buck.git_dirty=1, java.library.path=/Users/xuanwang/Applications/buck/third-party/java/ObjCBridge, java.vendor.url=http://java.oracle.com/, java.vm.vendor=Oracle Corporation, gopherProxySet=false, java.runtime.name=Java(TM) SE Runtime Environment, sun.java.command=com.facebook.buck.cli.bootstrapper.ClassLoaderBootstrapper com.facebook.buck.cli.Main$DaemonBootstrap local:.buckd/sock 60000, java.class.path=/Users/xuanwang/Applications/buck/build/bootstrapper/bootstrapper.jar, buck.buckd_dir=/Users/xuanwang/Workspace/goprojects/src/github.com/keyrrae/monimenta_backend/.buckd, buck.path_to_pathlib_py=/Users/xuanwang/Applications/buck/third-party/py/pathlib/pathlib.py, buck.buckd_launch_time_nanos=31377502341790, java.vm.specification.name=Java Virtual Machine Specification, com.martiansoftware.nailgun.NGServer.outputPath=/Users/xuanwang/Workspace/goprojects/src/github.com/keyrrae/monimenta_backend/.buckd/tmp/buck_run.kdjcxz/ngserver-out, java.vm.specification.version=1.8, sun.cpu.endian=little, buck.path_to_rawmanifest_py=/Users/xuanwang/Applications/buck/src/com/facebook/buck/util/versioncontrol/rawmanifest.py, sun.os.patch.level=unknown, java.awt.headless=true, java.io.tmpdir=/Users/xuanwang/Workspace/goprojects/src/github.com/keyrrae/monimenta_backend/.buckd/tmp/buck_run.kdjcxz, buck.android_agent_path=/Users/xuanwang/Applications/buck/assets/android/agent.apk, java.vendor.url.bug=http://bugreport.sun.com/bugreport/, jna.platform.library.path=/usr/lib:/usr/lib, os.arch=x86_64, java.awt.graphicsenv=sun.awt.CGraphicsEnvironment, buck.path_to_pex=/Users/xuanwang/Applications/buck/src/com/facebook/buck/python/make_pex.py, java.ext.dirs=/Users/xuanwang/Library/Java/Extensions:/Library/Java/JavaVirtualMachines/jdk1.8.0_60.jdk/Contents/Home/jre/lib/ext:/Library/Java/Extensions:/Network/Library/Java/Extensions:/System/Library/Java/Extensions:/usr/lib/java, java.util.logging.config.class=com.facebook.buck.cli.bootstrapper.LogConfig, user.dir=/Users/xuanwang/Workspace/goprojects/src/github.com/keyrrae/monimenta_backend, line.separator=
, java.vm.name=Java HotSpot(TM) 64-Bit Server VM, buck.path_to_typing=/Users/xuanwang/Applications/buck/third-party/py/typing/python2, buck.native_exopackage_fake_path=/Users/xuanwang/Applications/buck/assets/android/native-exopackage-fakes.apk, file.encoding=UTF-8, java.specification.version=1.8}
[2017-05-12 17:59:09.838][debug][command:null][tid:583][com.facebook.buck.config.Configs] Loading configuration for /Users/xuanwang/Workspace/goprojects/src/github.com/keyrrae/monimenta_backend
[2017-05-12 17:59:09.840][debug][command:null][tid:583][com.facebook.buck.config.Configs] Loaded a configuration file /Users/xuanwang/Workspace/goprojects/src/github.com/keyrrae/monimenta_backend/.buckconfig: {alias={app=//:monimenta_backend}, httpserver={port=0}}
[2017-05-12 17:59:09.840][debug][command:null][tid:583][com.facebook.buck.config.Configs] Adding configuration overrides RawConfig{values={}}
[2017-05-12 17:59:09.843][info ][command:null][tid:583][com.facebook.buck.io.Watchman] Creating for: [/Users/xuanwang/Workspace/goprojects/src/github.com/keyrrae/monimenta_backend]
[2017-05-12 17:59:09.844][debug][command:null][tid:583][com.facebook.buck.io.ExecutableFinder] Executable 'watchman' mapped to 'Optional[/usr/local/bin/watchman]'
[2017-05-12 17:59:09.844][debug][command:null][tid:583][com.facebook.buck.util.ListeningProcessExecutor] Launching process with params ProcessExecutorParams{command=[/usr/local/bin/watchman, --output-encoding=bser, get-sockname]}
[2017-05-12 17:59:09.846][debug][command:null][tid:583][com.facebook.buck.util.ListeningProcessExecutor] Successfully launched process com.zaxxer.nuprocess.osx.OsxProcess@533fa542
[2017-05-12 17:59:09.846][debug][command:null][tid:583][com.facebook.buck.util.ListeningProcessExecutor] Waiting for process com.facebook.buck.util.ListeningProcessExecutor$LaunchedProcessImpl@5d4ba0b9 timeout 1000000000 NANOSECONDS
[2017-05-12 17:59:09.857][debug][command:null][tid:583][com.facebook.buck.util.ListeningProcessExecutor] Wait for process returned 0
[2017-05-12 17:59:09.857][debug][command:null][tid:583][com.facebook.buck.io.Watchman] Waited 10 ms for Watchman command get-sockname, exit code 0
[2017-05-12 17:59:09.857][debug][command:null][tid:583][com.facebook.buck.io.Watchman] stdout of command: {version=4.7.0, sockname=/usr/local/var/run/watchman/xuanwang-state/sock}
[2017-05-12 17:59:09.857][info ][command:null][tid:583][com.facebook.buck.io.Watchman] Connecting to Watchman version 4.7.0 at /usr/local/var/run/watchman/xuanwang-state/sock
[2017-05-12 17:59:09.858][debug][command:null][tid:583][com.facebook.buck.io.Watchman] Connected to Watchman
[2017-05-12 17:59:09.858][debug][command:null][tid:590][com.facebook.buck.io.WatchmanTransportClient] Sending query: [version, {required=[cmd-watch-project], optional=[term-dirname, cmd-watch-project, wildmatch, wildmatch_multislash, glob_generator, clock-sync-timeout]}]
[2017-05-12 17:59:09.859][debug][command:null][tid:583][com.facebook.buck.io.WatchmanTransportClient] Query [version, {required=[cmd-watch-project], optional=[term-dirname, cmd-watch-project, wildmatch, wildmatch_multislash, glob_generator, clock-sync-timeout]}] returned in 1 ms
[2017-05-12 17:59:09.859][info ][command:null][tid:583][com.facebook.buck.io.Watchman] Took 1 ms to query capabilities {term-dirname=DIRNAME, cmd-watch-project=SUPPORTS_PROJECT_WATCH, wildmatch=WILDMATCH_GLOB, wildmatch_multislash=WILDMATCH_MULTISLASH, glob_generator=GLOB_GENERATOR, clock-sync-timeout=CLOCK_SYNC_TIMEOUT}
[2017-05-12 17:59:09.859][debug][command:null][tid:583][com.facebook.buck.io.Watchman] Got capabilities response: {term-dirname=true, cmd-watch-project=true, wildmatch=true, wildmatch_multislash=false, glob_generator=true, clock-sync-timeout=true}
[2017-05-12 17:59:09.859][debug][command:null][tid:583][com.facebook.buck.io.Watchman] Got Watchman capabilities: [DIRNAME, SUPPORTS_PROJECT_WATCH, WILDMATCH_GLOB, GLOB_GENERATOR, CLOCK_SYNC_TIMEOUT]
[2017-05-12 17:59:09.859][info ][command:null][tid:583][com.facebook.buck.io.Watchman] Adding watchman root: /Users/xuanwang/Workspace/goprojects/src/github.com/keyrrae/monimenta_backend
[2017-05-12 17:59:09.859][debug][command:null][tid:590][com.facebook.buck.io.WatchmanTransportClient] Sending query: [watch-project, /Users/xuanwang/Workspace/goprojects/src/github.com/keyrrae/monimenta_backend]
[2017-05-12 17:59:09.860][debug][command:null][tid:583][com.facebook.buck.io.WatchmanTransportClient] Query [watch-project, /Users/xuanwang/Workspace/goprojects/src/github.com/keyrrae/monimenta_backend] returned in 0 ms
[2017-05-12 17:59:09.860][debug][command:null][tid:590][com.facebook.buck.io.WatchmanTransportClient] Sending query: [watch-project, /Users/xuanwang/Workspace/goprojects/src/github.com/keyrrae/monimenta_backend]
[2017-05-12 17:59:09.860][debug][command:null][tid:583][com.facebook.buck.io.WatchmanTransportClient] Query [watch-project, /Users/xuanwang/Workspace/goprojects/src/github.com/keyrrae/monimenta_backend] returned in 0 ms
[2017-05-12 17:59:09.860][info ][command:null][tid:583][com.facebook.buck.io.Watchman] Took 0 ms to add root /Users/xuanwang/Workspace/goprojects/src/github.com/keyrrae/monimenta_backend
[2017-05-12 17:59:09.860][debug][command:null][tid:590][com.facebook.buck.io.WatchmanTransportClient] Sending query: [clock, /Users/xuanwang/Workspace/goprojects/src/github.com/keyrrae/monimenta_backend, {sync_timeout=100}]
[2017-05-12 17:59:09.867][debug][command:null][tid:583][com.facebook.buck.io.WatchmanTransportClient] Query [clock, /Users/xuanwang/Workspace/goprojects/src/github.com/keyrrae/monimenta_backend, {sync_timeout=100}] returned in 7 ms
[2017-05-12 17:59:09.868][info ][command:null][tid:583][com.facebook.buck.io.Watchman] Took 7 ms to query for initial clock id Optional[c:1494560681:563:6:719]
[2017-05-12 17:59:09.868][debug][command:null][tid:583][com.facebook.buck.cli.Main] Watchman capabilities: [DIRNAME, SUPPORTS_PROJECT_WATCH, WILDMATCH_GLOB, GLOB_GENERATOR, CLOCK_SYNC_TIMEOUT] Project watches: {/Users/xuanwang/Workspace/goprojects/src/github.com/keyrrae/monimenta_backend=ProjectWatch{watchRoot=/Users/xuanwang/Workspace/goprojects/src/github.com/keyrrae/monimenta_backend}} Glob handler config: PYTHON Query timeout ms config: Optional.empty
